2025-05-18 23:14:29 [main] INFO  com.vertx.template.Run - 以单机模式启动应用...
2025-05-18 23:14:30 [vert.x-virtual-thread-0] INFO  c.vertx.template.config.ConfigLoader - 配置加载成功
2025-05-18 23:14:31 [vert.x-virtual-thread-0] DEBUG c.v.template.router.GlobalMiddleware - CORS中间件配置完成
2025-05-18 23:14:31 [vert.x-virtual-thread-0] DEBUG c.v.template.router.GlobalMiddleware - Body处理器配置完成
2025-05-18 23:14:31 [vert.x-virtual-thread-0] DEBUG c.v.template.router.GlobalMiddleware - 请求日志中间件配置完成
2025-05-18 23:14:31 [vert.x-virtual-thread-0] INFO  org.reflections.Reflections - Reflections took 107 ms to scan 1 urls, producing 17 keys and 51 values
2025-05-18 23:14:31 [vert.x-virtual-thread-0] DEBUG c.v.t.r.h.AnnotationRouterHandler - 注册POST路由: /api/products
2025-05-18 23:14:31 [vert.x-virtual-thread-0] DEBUG c.v.t.r.h.AnnotationRouterHandler - 注册GET路由: /api/products
2025-05-18 23:14:31 [vert.x-virtual-thread-0] DEBUG c.v.t.r.h.AnnotationRouterHandler - 注册GET路由: /api/products/search
2025-05-18 23:14:31 [vert.x-virtual-thread-0] DEBUG c.v.t.r.h.AnnotationRouterHandler - 注册GET路由: /api/products/:id
2025-05-18 23:14:31 [vert.x-virtual-thread-0] DEBUG c.v.t.r.h.AnnotationRouterHandler - 控制器 [ProductController] 路由注册完成
2025-05-18 23:14:31 [vert.x-virtual-thread-0] INFO  c.v.template.config.DatabaseConfig - 数据库连接池初始化成功
2025-05-18 23:14:31 [vert.x-virtual-thread-0] INFO  c.v.t.controller.UserController - UserController initialized with repository: com.vertx.template.repository.impl.UserRepositoryImpl
2025-05-18 23:14:31 [vert.x-virtual-thread-0] DEBUG c.v.t.r.h.AnnotationRouterHandler - 注册GET路由: /api/users/by-username
2025-05-18 23:14:31 [vert.x-virtual-thread-0] DEBUG c.v.t.r.h.AnnotationRouterHandler - 注册GET路由: /api/users
2025-05-18 23:14:31 [vert.x-virtual-thread-0] DEBUG c.v.t.r.h.AnnotationRouterHandler - 注册GET路由: /api/users/:id
2025-05-18 23:14:31 [vert.x-virtual-thread-0] DEBUG c.v.t.r.h.AnnotationRouterHandler - 注册POST路由: /api/users
2025-05-18 23:14:31 [vert.x-virtual-thread-0] DEBUG c.v.t.r.h.AnnotationRouterHandler - 注册PUT路由: /api/users/:id
2025-05-18 23:14:31 [vert.x-virtual-thread-0] DEBUG c.v.t.r.h.AnnotationRouterHandler - 注册GET路由: /api/users/:id/delete
2025-05-18 23:14:31 [vert.x-virtual-thread-0] DEBUG c.v.t.r.h.AnnotationRouterHandler - 控制器 [UserController] 路由注册完成
2025-05-18 23:14:31 [vert.x-virtual-thread-0] INFO  c.v.t.r.h.AnnotationRouterHandler - 基于注解的路由注册完成，共扫描 2 个控制器
2025-05-18 23:14:31 [vert.x-virtual-thread-0] INFO  c.v.template.router.RouterRegistry - 基于注解的路由注册完成
2025-05-18 23:14:31 [vert.x-virtual-thread-0] DEBUG c.v.template.router.RouterRegistry - 全局异常处理器配置完成
2025-05-18 23:14:31 [vert.x-virtual-thread-0] INFO  com.vertx.template.MainVerticle - HTTP服务器启动成功 - 监听 localhost:8888
2025-05-18 23:14:54 [main] INFO  com.vertx.template.Run - 以单机模式启动应用...
2025-05-18 23:14:55 [vert.x-virtual-thread-0] INFO  c.vertx.template.config.ConfigLoader - 配置加载成功
2025-05-18 23:14:56 [vert.x-virtual-thread-0] DEBUG c.v.template.router.GlobalMiddleware - CORS中间件配置完成
2025-05-18 23:14:56 [vert.x-virtual-thread-0] DEBUG c.v.template.router.GlobalMiddleware - Body处理器配置完成
2025-05-18 23:14:56 [vert.x-virtual-thread-0] DEBUG c.v.template.router.GlobalMiddleware - 请求日志中间件配置完成
2025-05-18 23:14:56 [vert.x-virtual-thread-0] INFO  org.reflections.Reflections - Reflections took 104 ms to scan 1 urls, producing 17 keys and 51 values
2025-05-18 23:14:56 [vert.x-virtual-thread-0] DEBUG c.v.t.r.h.AnnotationRouterHandler - 注册GET路由: /api/products
2025-05-18 23:14:56 [vert.x-virtual-thread-0] DEBUG c.v.t.r.h.AnnotationRouterHandler - 注册POST路由: /api/products
2025-05-18 23:14:56 [vert.x-virtual-thread-0] DEBUG c.v.t.r.h.AnnotationRouterHandler - 注册GET路由: /api/products/:id
2025-05-18 23:14:56 [vert.x-virtual-thread-0] DEBUG c.v.t.r.h.AnnotationRouterHandler - 注册GET路由: /api/products/search
2025-05-18 23:14:56 [vert.x-virtual-thread-0] DEBUG c.v.t.r.h.AnnotationRouterHandler - 控制器 [ProductController] 路由注册完成
2025-05-18 23:14:56 [vert.x-virtual-thread-0] INFO  c.v.template.config.DatabaseConfig - 数据库连接池初始化成功
2025-05-18 23:14:56 [vert.x-virtual-thread-0] INFO  c.v.t.controller.UserController - UserController initialized with repository: com.vertx.template.repository.impl.UserRepositoryImpl
2025-05-18 23:14:56 [vert.x-virtual-thread-0] DEBUG c.v.t.r.h.AnnotationRouterHandler - 注册GET路由: /api/users/by-username
2025-05-18 23:14:56 [vert.x-virtual-thread-0] DEBUG c.v.t.r.h.AnnotationRouterHandler - 注册PUT路由: /api/users/:id
2025-05-18 23:14:56 [vert.x-virtual-thread-0] DEBUG c.v.t.r.h.AnnotationRouterHandler - 注册GET路由: /api/users/:id/delete
2025-05-18 23:14:56 [vert.x-virtual-thread-0] DEBUG c.v.t.r.h.AnnotationRouterHandler - 注册POST路由: /api/users
2025-05-18 23:14:56 [vert.x-virtual-thread-0] DEBUG c.v.t.r.h.AnnotationRouterHandler - 注册GET路由: /api/users
2025-05-18 23:14:56 [vert.x-virtual-thread-0] DEBUG c.v.t.r.h.AnnotationRouterHandler - 注册GET路由: /api/users/:id
2025-05-18 23:14:56 [vert.x-virtual-thread-0] DEBUG c.v.t.r.h.AnnotationRouterHandler - 控制器 [UserController] 路由注册完成
2025-05-18 23:14:56 [vert.x-virtual-thread-0] INFO  c.v.t.r.h.AnnotationRouterHandler - 基于注解的路由注册完成，共扫描 2 个控制器
2025-05-18 23:14:56 [vert.x-virtual-thread-0] INFO  c.v.template.router.RouterRegistry - 基于注解的路由注册完成
2025-05-18 23:14:56 [vert.x-virtual-thread-0] DEBUG c.v.template.router.RouterRegistry - 全局异常处理器配置完成
2025-05-18 23:14:56 [vert.x-virtual-thread-0] INFO  com.vertx.template.MainVerticle - HTTP服务器启动成功 - 监听 localhost:8888
2025-05-18 23:16:01 [main] INFO  com.vertx.template.Run - 以单机模式启动应用...
2025-05-18 23:16:02 [vert.x-virtual-thread-0] INFO  c.vertx.template.config.ConfigLoader - 配置加载成功
2025-05-18 23:16:03 [vert.x-virtual-thread-0] DEBUG c.v.template.router.GlobalMiddleware - CORS中间件配置完成
2025-05-18 23:16:03 [vert.x-virtual-thread-0] DEBUG c.v.template.router.GlobalMiddleware - Body处理器配置完成
2025-05-18 23:16:03 [vert.x-virtual-thread-0] DEBUG c.v.template.router.GlobalMiddleware - 请求日志中间件配置完成
2025-05-18 23:16:03 [vert.x-virtual-thread-0] INFO  org.reflections.Reflections - Reflections took 89 ms to scan 1 urls, producing 17 keys and 51 values
2025-05-18 23:16:03 [vert.x-virtual-thread-0] DEBUG c.v.t.r.h.AnnotationRouterHandler - 注册GET路由: /api/products
2025-05-18 23:16:03 [vert.x-virtual-thread-0] DEBUG c.v.t.r.h.AnnotationRouterHandler - 注册GET路由: /api/products/search
2025-05-18 23:16:03 [vert.x-virtual-thread-0] DEBUG c.v.t.r.h.AnnotationRouterHandler - 注册POST路由: /api/products
2025-05-18 23:16:03 [vert.x-virtual-thread-0] DEBUG c.v.t.r.h.AnnotationRouterHandler - 注册GET路由: /api/products/:id
2025-05-18 23:16:03 [vert.x-virtual-thread-0] DEBUG c.v.t.r.h.AnnotationRouterHandler - 控制器 [ProductController] 路由注册完成
2025-05-18 23:16:03 [vert.x-virtual-thread-0] INFO  c.v.template.config.DatabaseConfig - 数据库连接池初始化成功
2025-05-18 23:16:03 [vert.x-virtual-thread-0] INFO  c.v.t.controller.UserController - UserController initialized with repository: com.vertx.template.repository.impl.UserRepositoryImpl
2025-05-18 23:16:03 [vert.x-virtual-thread-0] DEBUG c.v.t.r.h.AnnotationRouterHandler - 注册GET路由: /api/users/by-username
2025-05-18 23:16:03 [vert.x-virtual-thread-0] DEBUG c.v.t.r.h.AnnotationRouterHandler - 注册GET路由: /api/users
2025-05-18 23:16:03 [vert.x-virtual-thread-0] DEBUG c.v.t.r.h.AnnotationRouterHandler - 注册GET路由: /api/users/:id
2025-05-18 23:16:03 [vert.x-virtual-thread-0] DEBUG c.v.t.r.h.AnnotationRouterHandler - 注册GET路由: /api/users/:id/delete
2025-05-18 23:16:03 [vert.x-virtual-thread-0] DEBUG c.v.t.r.h.AnnotationRouterHandler - 注册POST路由: /api/users
2025-05-18 23:16:03 [vert.x-virtual-thread-0] DEBUG c.v.t.r.h.AnnotationRouterHandler - 注册PUT路由: /api/users/:id
2025-05-18 23:16:03 [vert.x-virtual-thread-0] DEBUG c.v.t.r.h.AnnotationRouterHandler - 控制器 [UserController] 路由注册完成
2025-05-18 23:16:03 [vert.x-virtual-thread-0] INFO  c.v.t.r.h.AnnotationRouterHandler - 基于注解的路由注册完成，共扫描 2 个控制器
2025-05-18 23:16:03 [vert.x-virtual-thread-0] INFO  c.v.template.router.RouterRegistry - 基于注解的路由注册完成
2025-05-18 23:16:03 [vert.x-virtual-thread-0] DEBUG c.v.template.router.RouterRegistry - 全局异常处理器配置完成
2025-05-18 23:16:03 [vert.x-virtual-thread-0] INFO  com.vertx.template.MainVerticle - HTTP服务器启动成功 - 监听 localhost:8888
2025-05-18 23:17:23 [main] INFO  com.vertx.template.Run - 以单机模式启动应用...
2025-05-18 23:17:24 [vert.x-virtual-thread-0] INFO  c.vertx.template.config.ConfigLoader - 配置加载成功
2025-05-18 23:17:24 [vert.x-virtual-thread-0] DEBUG c.v.template.router.GlobalMiddleware - CORS中间件配置完成
2025-05-18 23:17:24 [vert.x-virtual-thread-0] DEBUG c.v.template.router.GlobalMiddleware - Body处理器配置完成
2025-05-18 23:17:24 [vert.x-virtual-thread-0] DEBUG c.v.template.router.GlobalMiddleware - 请求日志中间件配置完成
2025-05-18 23:17:24 [vert.x-virtual-thread-0] INFO  org.reflections.Reflections - Reflections took 73 ms to scan 1 urls, producing 17 keys and 51 values
2025-05-18 23:17:24 [vert.x-virtual-thread-0] DEBUG c.v.t.r.h.AnnotationRouterHandler - 注册GET路由: /api/products/:id
2025-05-18 23:17:24 [vert.x-virtual-thread-0] DEBUG c.v.t.r.h.AnnotationRouterHandler - 注册POST路由: /api/products
2025-05-18 23:17:24 [vert.x-virtual-thread-0] DEBUG c.v.t.r.h.AnnotationRouterHandler - 注册GET路由: /api/products
2025-05-18 23:17:24 [vert.x-virtual-thread-0] DEBUG c.v.t.r.h.AnnotationRouterHandler - 注册GET路由: /api/products/search
2025-05-18 23:17:24 [vert.x-virtual-thread-0] DEBUG c.v.t.r.h.AnnotationRouterHandler - 控制器 [ProductController] 路由注册完成
2025-05-18 23:17:24 [vert.x-virtual-thread-0] INFO  c.v.template.config.DatabaseConfig - 数据库连接池初始化成功
2025-05-18 23:17:24 [vert.x-virtual-thread-0] INFO  c.v.t.controller.UserController - UserController initialized with repository: com.vertx.template.repository.impl.UserRepositoryImpl
2025-05-18 23:17:24 [vert.x-virtual-thread-0] DEBUG c.v.t.r.h.AnnotationRouterHandler - 注册GET路由: /api/users/by-username
2025-05-18 23:17:24 [vert.x-virtual-thread-0] DEBUG c.v.t.r.h.AnnotationRouterHandler - 注册GET路由: /api/users
2025-05-18 23:17:24 [vert.x-virtual-thread-0] DEBUG c.v.t.r.h.AnnotationRouterHandler - 注册GET路由: /api/users/:id
2025-05-18 23:17:24 [vert.x-virtual-thread-0] DEBUG c.v.t.r.h.AnnotationRouterHandler - 注册PUT路由: /api/users/:id
2025-05-18 23:17:24 [vert.x-virtual-thread-0] DEBUG c.v.t.r.h.AnnotationRouterHandler - 注册GET路由: /api/users/:id/delete
2025-05-18 23:17:24 [vert.x-virtual-thread-0] DEBUG c.v.t.r.h.AnnotationRouterHandler - 注册POST路由: /api/users
2025-05-18 23:17:24 [vert.x-virtual-thread-0] DEBUG c.v.t.r.h.AnnotationRouterHandler - 控制器 [UserController] 路由注册完成
2025-05-18 23:17:24 [vert.x-virtual-thread-0] INFO  c.v.t.r.h.AnnotationRouterHandler - 基于注解的路由注册完成，共扫描 2 个控制器
2025-05-18 23:17:24 [vert.x-virtual-thread-0] INFO  c.v.template.router.RouterRegistry - 基于注解的路由注册完成
2025-05-18 23:17:24 [vert.x-virtual-thread-0] DEBUG c.v.template.router.RouterRegistry - 全局异常处理器配置完成
2025-05-18 23:17:24 [vert.x-virtual-thread-0] INFO  com.vertx.template.MainVerticle - HTTP服务器启动成功 - 监听 localhost:8888
2025-05-18 23:18:15 [main] INFO  com.vertx.template.Run - 以单机模式启动应用...
2025-05-18 23:18:15 [vert.x-virtual-thread-0] INFO  c.vertx.template.config.ConfigLoader - 配置加载成功
2025-05-18 23:18:15 [vert.x-virtual-thread-0] DEBUG c.v.template.router.GlobalMiddleware - CORS中间件配置完成
2025-05-18 23:18:15 [vert.x-virtual-thread-0] DEBUG c.v.template.router.GlobalMiddleware - Body处理器配置完成
2025-05-18 23:18:15 [vert.x-virtual-thread-0] DEBUG c.v.template.router.GlobalMiddleware - 请求日志中间件配置完成
2025-05-18 23:18:16 [vert.x-virtual-thread-0] INFO  org.reflections.Reflections - Reflections took 66 ms to scan 1 urls, producing 17 keys and 51 values
2025-05-18 23:18:16 [vert.x-virtual-thread-0] DEBUG c.v.t.r.h.AnnotationRouterHandler - 注册GET路由: /api/products
2025-05-18 23:18:16 [vert.x-virtual-thread-0] DEBUG c.v.t.r.h.AnnotationRouterHandler - 注册POST路由: /api/products
2025-05-18 23:18:16 [vert.x-virtual-thread-0] DEBUG c.v.t.r.h.AnnotationRouterHandler - 注册GET路由: /api/products/search
2025-05-18 23:18:16 [vert.x-virtual-thread-0] DEBUG c.v.t.r.h.AnnotationRouterHandler - 注册GET路由: /api/products/:id
2025-05-18 23:18:16 [vert.x-virtual-thread-0] DEBUG c.v.t.r.h.AnnotationRouterHandler - 控制器 [ProductController] 路由注册完成
2025-05-18 23:18:16 [vert.x-virtual-thread-0] INFO  c.v.template.config.DatabaseConfig - 数据库连接池初始化成功
2025-05-18 23:18:16 [vert.x-virtual-thread-0] INFO  c.v.t.controller.UserController - UserController initialized with repository: com.vertx.template.repository.impl.UserRepositoryImpl
2025-05-18 23:18:16 [vert.x-virtual-thread-0] DEBUG c.v.t.r.h.AnnotationRouterHandler - 注册GET路由: /api/users/by-username
2025-05-18 23:18:16 [vert.x-virtual-thread-0] DEBUG c.v.t.r.h.AnnotationRouterHandler - 注册GET路由: /api/users/:id
2025-05-18 23:18:16 [vert.x-virtual-thread-0] DEBUG c.v.t.r.h.AnnotationRouterHandler - 注册GET路由: /api/users
2025-05-18 23:18:16 [vert.x-virtual-thread-0] DEBUG c.v.t.r.h.AnnotationRouterHandler - 注册PUT路由: /api/users/:id
2025-05-18 23:18:16 [vert.x-virtual-thread-0] DEBUG c.v.t.r.h.AnnotationRouterHandler - 注册GET路由: /api/users/:id/delete
2025-05-18 23:18:16 [vert.x-virtual-thread-0] DEBUG c.v.t.r.h.AnnotationRouterHandler - 注册POST路由: /api/users
2025-05-18 23:18:16 [vert.x-virtual-thread-0] DEBUG c.v.t.r.h.AnnotationRouterHandler - 控制器 [UserController] 路由注册完成
2025-05-18 23:18:16 [vert.x-virtual-thread-0] INFO  c.v.t.r.h.AnnotationRouterHandler - 基于注解的路由注册完成，共扫描 2 个控制器
2025-05-18 23:18:16 [vert.x-virtual-thread-0] INFO  c.v.template.router.RouterRegistry - 基于注解的路由注册完成
2025-05-18 23:18:16 [vert.x-virtual-thread-0] DEBUG c.v.template.router.RouterRegistry - 全局异常处理器配置完成
2025-05-18 23:18:16 [vert.x-virtual-thread-0] INFO  com.vertx.template.MainVerticle - HTTP服务器启动成功 - 监听 localhost:8888
2025-05-18 23:20:26 [main] INFO  com.vertx.template.Run - 以集群模式启动应用...
2025-05-18 23:20:26 [main] INFO  com.vertx.template.Run - 使用自定义Hazelcast配置文件
2025-05-18 23:20:27 [vert.x-eventloop-thread-0] ERROR io.vertx.core.impl.VertxImpl - Failed to initialize clustered Vert.x
com.hazelcast.nio.serialization.HazelcastSerializationException: java.lang.ClassNotFoundException: io.vertx.core.eventbus.impl.codecs.ClusterSerializablePortableFactory
	at com.hazelcast.internal.serialization.impl.DefaultSerializationServiceBuilder$PortableFactoriesHelper.buildPortableFactories(DefaultSerializationServiceBuilder.java:466)
	at com.hazelcast.internal.serialization.impl.DefaultSerializationServiceBuilder$PortableFactoriesHelper.access$100(DefaultSerializationServiceBuilder.java:431)
	at com.hazelcast.internal.serialization.impl.DefaultSerializationServiceBuilder.addConfigPortableFactories(DefaultSerializationServiceBuilder.java:422)
	at com.hazelcast.internal.serialization.impl.DefaultSerializationServiceBuilder.build(DefaultSerializationServiceBuilder.java:236)
	at com.hazelcast.internal.serialization.impl.DefaultSerializationServiceBuilder.build(DefaultSerializationServiceBuilder.java:57)
	at com.hazelcast.instance.impl.DefaultNodeExtension.createSerializationService(DefaultNodeExtension.java:395)
	at com.hazelcast.instance.impl.DefaultNodeExtension.createSerializationService(DefaultNodeExtension.java:349)
	at com.hazelcast.instance.impl.Node.<init>(Node.java:260)
	at com.hazelcast.instance.impl.HazelcastInstanceImpl.createNode(HazelcastInstanceImpl.java:149)
	at com.hazelcast.instance.impl.HazelcastInstanceImpl.<init>(HazelcastInstanceImpl.java:118)
	at com.hazelcast.instance.impl.HazelcastInstanceFactory.constructHazelcastInstance(HazelcastInstanceFactory.java:217)
	at com.hazelcast.instance.impl.HazelcastInstanceFactory.newHazelcastInstance(HazelcastInstanceFactory.java:196)
	at com.hazelcast.instance.impl.HazelcastInstanceFactory.newHazelcastInstance(HazelcastInstanceFactory.java:134)
	at com.hazelcast.core.Hazelcast.newHazelcastInstance(Hazelcast.java:61)
	at io.vertx.spi.cluster.hazelcast.HazelcastClusterManager.lambda$join$1(HazelcastClusterManager.java:135)
	at io.vertx.core.impl.ContextImpl.lambda$executeBlocking$5(ContextImpl.java:205)
	at io.vertx.core.impl.ContextInternal.dispatch(ContextInternal.java:270)
	at io.vertx.core.impl.ContextImpl$1.execute(ContextImpl.java:221)
	at io.vertx.core.impl.WorkerTask.run(WorkerTask.java:56)
	at io.vertx.core.impl.TaskQueue.run(TaskQueue.java:81)
	at java.base/java.util.concurrent.ThreadPoolExecutor.runWorker(ThreadPoolExecutor.java:1144)
	at java.base/java.util.concurrent.ThreadPoolExecutor$Worker.run(ThreadPoolExecutor.java:642)
	at io.netty.util.concurrent.FastThreadLocalRunnable.run(FastThreadLocalRunnable.java:30)
	at java.base/java.lang.Thread.run(Thread.java:1583)
Caused by: java.lang.ClassNotFoundException: io.vertx.core.eventbus.impl.codecs.ClusterSerializablePortableFactory
	at java.base/jdk.internal.loader.BuiltinClassLoader.loadClass(BuiltinClassLoader.java:641)
	at java.base/jdk.internal.loader.ClassLoaders$AppClassLoader.loadClass(ClassLoaders.java:188)
	at java.base/java.lang.ClassLoader.loadClass(ClassLoader.java:526)
	at com.hazelcast.internal.nio.ClassLoaderUtil.tryLoadClass(ClassLoaderUtil.java:301)
	at com.hazelcast.internal.nio.ClassLoaderUtil.newInstance0(ClassLoaderUtil.java:216)
	at com.hazelcast.internal.nio.ClassLoaderUtil.newInstance(ClassLoaderUtil.java:197)
	at com.hazelcast.internal.serialization.impl.DefaultSerializationServiceBuilder$PortableFactoriesHelper.buildPortableFactories(DefaultSerializationServiceBuilder.java:464)
	... 23 common frames omitted
2025-05-18 23:20:27 [vert.x-eventloop-thread-0] ERROR io.vertx.core.impl.VertxImpl - Failed to leave cluster
java.lang.NullPointerException: Cannot invoke "io.vertx.spi.cluster.hazelcast.impl.SubsMapHelper.close()" because "this.subsMapHelper" is null
	at io.vertx.spi.cluster.hazelcast.HazelcastClusterManager.lambda$leave$5(HazelcastClusterManager.java:255)
	at io.vertx.core.impl.ContextImpl.lambda$executeBlocking$5(ContextImpl.java:205)
	at io.vertx.core.impl.ContextInternal.dispatch(ContextInternal.java:270)
	at io.vertx.core.impl.ContextImpl$1.execute(ContextImpl.java:221)
	at io.vertx.core.impl.WorkerTask.run(WorkerTask.java:56)
	at io.vertx.core.impl.TaskQueue.run(TaskQueue.java:81)
	at java.base/java.util.concurrent.ThreadPoolExecutor.runWorker(ThreadPoolExecutor.java:1144)
	at java.base/java.util.concurrent.ThreadPoolExecutor$Worker.run(ThreadPoolExecutor.java:642)
	at io.netty.util.concurrent.FastThreadLocalRunnable.run(FastThreadLocalRunnable.java:30)
	at java.base/java.lang.Thread.run(Thread.java:1583)
2025-05-18 23:20:27 [main] ERROR com.vertx.template.Run - 应用启动失败
com.hazelcast.nio.serialization.HazelcastSerializationException: java.lang.ClassNotFoundException: io.vertx.core.eventbus.impl.codecs.ClusterSerializablePortableFactory
	at com.hazelcast.internal.serialization.impl.DefaultSerializationServiceBuilder$PortableFactoriesHelper.buildPortableFactories(DefaultSerializationServiceBuilder.java:466)
	at com.hazelcast.internal.serialization.impl.DefaultSerializationServiceBuilder$PortableFactoriesHelper.access$100(DefaultSerializationServiceBuilder.java:431)
	at com.hazelcast.internal.serialization.impl.DefaultSerializationServiceBuilder.addConfigPortableFactories(DefaultSerializationServiceBuilder.java:422)
	at com.hazelcast.internal.serialization.impl.DefaultSerializationServiceBuilder.build(DefaultSerializationServiceBuilder.java:236)
	at com.hazelcast.internal.serialization.impl.DefaultSerializationServiceBuilder.build(DefaultSerializationServiceBuilder.java:57)
	at com.hazelcast.instance.impl.DefaultNodeExtension.createSerializationService(DefaultNodeExtension.java:395)
	at com.hazelcast.instance.impl.DefaultNodeExtension.createSerializationService(DefaultNodeExtension.java:349)
	at com.hazelcast.instance.impl.Node.<init>(Node.java:260)
	at com.hazelcast.instance.impl.HazelcastInstanceImpl.createNode(HazelcastInstanceImpl.java:149)
	at com.hazelcast.instance.impl.HazelcastInstanceImpl.<init>(HazelcastInstanceImpl.java:118)
	at com.hazelcast.instance.impl.HazelcastInstanceFactory.constructHazelcastInstance(HazelcastInstanceFactory.java:217)
	at com.hazelcast.instance.impl.HazelcastInstanceFactory.newHazelcastInstance(HazelcastInstanceFactory.java:196)
	at com.hazelcast.instance.impl.HazelcastInstanceFactory.newHazelcastInstance(HazelcastInstanceFactory.java:134)
	at com.hazelcast.core.Hazelcast.newHazelcastInstance(Hazelcast.java:61)
	at io.vertx.spi.cluster.hazelcast.HazelcastClusterManager.lambda$join$1(HazelcastClusterManager.java:135)
	at io.vertx.core.impl.ContextImpl.lambda$executeBlocking$5(ContextImpl.java:205)
	at io.vertx.core.impl.ContextInternal.dispatch(ContextInternal.java:270)
	at io.vertx.core.impl.ContextImpl$1.execute(ContextImpl.java:221)
	at io.vertx.core.impl.WorkerTask.run(WorkerTask.java:56)
	at io.vertx.core.impl.TaskQueue.run(TaskQueue.java:81)
	at java.base/java.util.concurrent.ThreadPoolExecutor.runWorker(ThreadPoolExecutor.java:1144)
	at java.base/java.util.concurrent.ThreadPoolExecutor$Worker.run(ThreadPoolExecutor.java:642)
	at io.netty.util.concurrent.FastThreadLocalRunnable.run(FastThreadLocalRunnable.java:30)
	at java.base/java.lang.Thread.run(Thread.java:1583)
Caused by: java.lang.ClassNotFoundException: io.vertx.core.eventbus.impl.codecs.ClusterSerializablePortableFactory
	at java.base/jdk.internal.loader.BuiltinClassLoader.loadClass(BuiltinClassLoader.java:641)
	at java.base/jdk.internal.loader.ClassLoaders$AppClassLoader.loadClass(ClassLoaders.java:188)
	at java.base/java.lang.ClassLoader.loadClass(ClassLoader.java:526)
	at com.hazelcast.internal.nio.ClassLoaderUtil.tryLoadClass(ClassLoaderUtil.java:301)
	at com.hazelcast.internal.nio.ClassLoaderUtil.newInstance0(ClassLoaderUtil.java:216)
	at com.hazelcast.internal.nio.ClassLoaderUtil.newInstance(ClassLoaderUtil.java:197)
	at com.hazelcast.internal.serialization.impl.DefaultSerializationServiceBuilder$PortableFactoriesHelper.buildPortableFactories(DefaultSerializationServiceBuilder.java:464)
	... 23 common frames omitted
2025-05-18 23:21:02 [main] INFO  com.vertx.template.Run - 以集群模式启动应用...
2025-05-18 23:21:14 [main] INFO  com.vertx.template.Run - 使用自定义Hazelcast配置文件
2025-05-18 23:21:27 [vert.x-eventloop-thread-0] ERROR io.vertx.core.impl.VertxImpl - Failed to initialize clustered Vert.x
com.hazelcast.nio.serialization.HazelcastSerializationException: java.lang.ClassNotFoundException: io.vertx.core.eventbus.impl.codecs.ClusterSerializablePortableFactory
	at com.hazelcast.internal.serialization.impl.DefaultSerializationServiceBuilder$PortableFactoriesHelper.buildPortableFactories(DefaultSerializationServiceBuilder.java:466)
	at com.hazelcast.internal.serialization.impl.DefaultSerializationServiceBuilder$PortableFactoriesHelper.access$100(DefaultSerializationServiceBuilder.java:431)
	at com.hazelcast.internal.serialization.impl.DefaultSerializationServiceBuilder.addConfigPortableFactories(DefaultSerializationServiceBuilder.java:422)
	at com.hazelcast.internal.serialization.impl.DefaultSerializationServiceBuilder.build(DefaultSerializationServiceBuilder.java:236)
	at com.hazelcast.internal.serialization.impl.DefaultSerializationServiceBuilder.build(DefaultSerializationServiceBuilder.java:57)
	at com.hazelcast.instance.impl.DefaultNodeExtension.createSerializationService(DefaultNodeExtension.java:395)
	at com.hazelcast.instance.impl.DefaultNodeExtension.createSerializationService(DefaultNodeExtension.java:349)
	at com.hazelcast.instance.impl.Node.<init>(Node.java:260)
	at com.hazelcast.instance.impl.HazelcastInstanceImpl.createNode(HazelcastInstanceImpl.java:149)
	at com.hazelcast.instance.impl.HazelcastInstanceImpl.<init>(HazelcastInstanceImpl.java:118)
	at com.hazelcast.instance.impl.HazelcastInstanceFactory.constructHazelcastInstance(HazelcastInstanceFactory.java:217)
	at com.hazelcast.instance.impl.HazelcastInstanceFactory.newHazelcastInstance(HazelcastInstanceFactory.java:196)
	at com.hazelcast.instance.impl.HazelcastInstanceFactory.newHazelcastInstance(HazelcastInstanceFactory.java:134)
	at com.hazelcast.core.Hazelcast.newHazelcastInstance(Hazelcast.java:61)
	at io.vertx.spi.cluster.hazelcast.HazelcastClusterManager.lambda$join$1(HazelcastClusterManager.java:135)
	at io.vertx.core.impl.ContextImpl.lambda$executeBlocking$5(ContextImpl.java:205)
	at io.vertx.core.impl.ContextInternal.dispatch(ContextInternal.java:270)
	at io.vertx.core.impl.ContextImpl$1.execute(ContextImpl.java:221)
	at io.vertx.core.impl.WorkerTask.run(WorkerTask.java:56)
	at io.vertx.core.impl.TaskQueue.run(TaskQueue.java:81)
	at java.base/java.util.concurrent.ThreadPoolExecutor.runWorker(ThreadPoolExecutor.java:1144)
	at java.base/java.util.concurrent.ThreadPoolExecutor$Worker.run(ThreadPoolExecutor.java:642)
	at io.netty.util.concurrent.FastThreadLocalRunnable.run(FastThreadLocalRunnable.java:30)
	at java.base/java.lang.Thread.run(Thread.java:1583)
Caused by: java.lang.ClassNotFoundException: io.vertx.core.eventbus.impl.codecs.ClusterSerializablePortableFactory
	at java.base/jdk.internal.loader.BuiltinClassLoader.loadClass(BuiltinClassLoader.java:641)
	at java.base/jdk.internal.loader.ClassLoaders$AppClassLoader.loadClass(ClassLoaders.java:188)
	at java.base/java.lang.ClassLoader.loadClass(ClassLoader.java:526)
	at com.hazelcast.internal.nio.ClassLoaderUtil.tryLoadClass(ClassLoaderUtil.java:301)
	at com.hazelcast.internal.nio.ClassLoaderUtil.newInstance0(ClassLoaderUtil.java:216)
	at com.hazelcast.internal.nio.ClassLoaderUtil.newInstance(ClassLoaderUtil.java:197)
	at com.hazelcast.internal.serialization.impl.DefaultSerializationServiceBuilder$PortableFactoriesHelper.buildPortableFactories(DefaultSerializationServiceBuilder.java:464)
	... 23 common frames omitted
2025-05-18 23:21:27 [vert.x-eventloop-thread-0] ERROR io.vertx.core.impl.VertxImpl - Failed to leave cluster
java.lang.NullPointerException: Cannot invoke "io.vertx.spi.cluster.hazelcast.impl.SubsMapHelper.close()" because "this.subsMapHelper" is null
	at io.vertx.spi.cluster.hazelcast.HazelcastClusterManager.lambda$leave$5(HazelcastClusterManager.java:255)
	at io.vertx.core.impl.ContextImpl.lambda$executeBlocking$5(ContextImpl.java:205)
	at io.vertx.core.impl.ContextInternal.dispatch(ContextInternal.java:270)
	at io.vertx.core.impl.ContextImpl$1.execute(ContextImpl.java:221)
	at io.vertx.core.impl.WorkerTask.run(WorkerTask.java:56)
	at io.vertx.core.impl.TaskQueue.run(TaskQueue.java:81)
	at java.base/java.util.concurrent.ThreadPoolExecutor.runWorker(ThreadPoolExecutor.java:1144)
	at java.base/java.util.concurrent.ThreadPoolExecutor$Worker.run(ThreadPoolExecutor.java:642)
	at io.netty.util.concurrent.FastThreadLocalRunnable.run(FastThreadLocalRunnable.java:30)
	at java.base/java.lang.Thread.run(Thread.java:1583)
2025-05-18 23:21:30 [main] ERROR com.vertx.template.Run - 应用启动失败
com.hazelcast.nio.serialization.HazelcastSerializationException: java.lang.ClassNotFoundException: io.vertx.core.eventbus.impl.codecs.ClusterSerializablePortableFactory
	at com.hazelcast.internal.serialization.impl.DefaultSerializationServiceBuilder$PortableFactoriesHelper.buildPortableFactories(DefaultSerializationServiceBuilder.java:466)
	at com.hazelcast.internal.serialization.impl.DefaultSerializationServiceBuilder$PortableFactoriesHelper.access$100(DefaultSerializationServiceBuilder.java:431)
	at com.hazelcast.internal.serialization.impl.DefaultSerializationServiceBuilder.addConfigPortableFactories(DefaultSerializationServiceBuilder.java:422)
	at com.hazelcast.internal.serialization.impl.DefaultSerializationServiceBuilder.build(DefaultSerializationServiceBuilder.java:236)
	at com.hazelcast.internal.serialization.impl.DefaultSerializationServiceBuilder.build(DefaultSerializationServiceBuilder.java:57)
	at com.hazelcast.instance.impl.DefaultNodeExtension.createSerializationService(DefaultNodeExtension.java:395)
	at com.hazelcast.instance.impl.DefaultNodeExtension.createSerializationService(DefaultNodeExtension.java:349)
	at com.hazelcast.instance.impl.Node.<init>(Node.java:260)
	at com.hazelcast.instance.impl.HazelcastInstanceImpl.createNode(HazelcastInstanceImpl.java:149)
	at com.hazelcast.instance.impl.HazelcastInstanceImpl.<init>(HazelcastInstanceImpl.java:118)
	at com.hazelcast.instance.impl.HazelcastInstanceFactory.constructHazelcastInstance(HazelcastInstanceFactory.java:217)
	at com.hazelcast.instance.impl.HazelcastInstanceFactory.newHazelcastInstance(HazelcastInstanceFactory.java:196)
	at com.hazelcast.instance.impl.HazelcastInstanceFactory.newHazelcastInstance(HazelcastInstanceFactory.java:134)
	at com.hazelcast.core.Hazelcast.newHazelcastInstance(Hazelcast.java:61)
	at io.vertx.spi.cluster.hazelcast.HazelcastClusterManager.lambda$join$1(HazelcastClusterManager.java:135)
	at io.vertx.core.impl.ContextImpl.lambda$executeBlocking$5(ContextImpl.java:205)
	at io.vertx.core.impl.ContextInternal.dispatch(ContextInternal.java:270)
	at io.vertx.core.impl.ContextImpl$1.execute(ContextImpl.java:221)
	at io.vertx.core.impl.WorkerTask.run(WorkerTask.java:56)
	at io.vertx.core.impl.TaskQueue.run(TaskQueue.java:81)
	at java.base/java.util.concurrent.ThreadPoolExecutor.runWorker(ThreadPoolExecutor.java:1144)
	at java.base/java.util.concurrent.ThreadPoolExecutor$Worker.run(ThreadPoolExecutor.java:642)
	at io.netty.util.concurrent.FastThreadLocalRunnable.run(FastThreadLocalRunnable.java:30)
	at java.base/java.lang.Thread.run(Thread.java:1583)
Caused by: java.lang.ClassNotFoundException: io.vertx.core.eventbus.impl.codecs.ClusterSerializablePortableFactory
	at java.base/jdk.internal.loader.BuiltinClassLoader.loadClass(BuiltinClassLoader.java:641)
	at java.base/jdk.internal.loader.ClassLoaders$AppClassLoader.loadClass(ClassLoaders.java:188)
	at java.base/java.lang.ClassLoader.loadClass(ClassLoader.java:526)
	at com.hazelcast.internal.nio.ClassLoaderUtil.tryLoadClass(ClassLoaderUtil.java:301)
	at com.hazelcast.internal.nio.ClassLoaderUtil.newInstance0(ClassLoaderUtil.java:216)
	at com.hazelcast.internal.nio.ClassLoaderUtil.newInstance(ClassLoaderUtil.java:197)
	at com.hazelcast.internal.serialization.impl.DefaultSerializationServiceBuilder$PortableFactoriesHelper.buildPortableFactories(DefaultSerializationServiceBuilder.java:464)
	... 23 common frames omitted
